<?xml version="1.0" encoding="UTF-8"?>
<!-- Generated by org.testng.reporters.JUnitXMLReporter -->
<testsuite ignored="0" hostname="LAPTOP-RP61NQ22" failures="1" tests="8" name="Test" time="0.076" errors="0" timestamp="2023-09-27T09:58:51 IST">
  <testcase classname="com.TestNg.SampleTest" name="sample1" time="0.011"/>
  <testcase classname="com.TestNg.SampleTest" name="sample2" time="0.0"/>
  <testcase classname="com.TestNg.SampleTest" name="sample3" time="0.003">
    <failure type="java.lang.AssertionError" message="null">
      <![CDATA[java.lang.AssertionError: null
at com.TestNg.SampleTest.sample3(SampleTest.java:17)
at java.base/java.util.ArrayList.forEach(ArrayList.java:1511)
at java.base/java.util.concurrent.FutureTask.run(FutureTask.java:264)
at java.base/java.util.concurrent.ThreadPoolExecutor.runWorker(ThreadPoolExecutor.java:1136)
at java.base/java.util.concurrent.ThreadPoolExecutor$Worker.run(ThreadPoolExecutor.java:635)
at java.base/java.lang.Thread.run(Thread.java:833)
... Removed 19 stack frames]]>
    </failure>
  </testcase> <!-- sample3 -->
  <testcase classname="com.TestNg.DemoTest" name="demo1" time="0.002"/>
  <testcase classname="com.TestNg.DemoTest" name="demo2" time="0.0"/>
  <testcase classname="com.TestNg.DemoTest" name="demo3" time="0.002"/>
  <testcase classname="com.TestNg.ExampleTest" name="example1" time="0.0"/>
  <testcase classname="com.TestNg.ExampleTest" name="example3" time="0.001"/>
</testsuite> <!-- Test -->
